<?xml version="1.0" encoding="UTF-8"?>
<!-- Generated by org.testng.reporters.JUnitReportReporter -->
<testsuite skipped="0" hostname="DOC-W-SHRUTHIMV" name="com.tyss.projectframeworkscripts.LoginTest" tests="1" failures="0" timestamp="2020-06-24T23:42:45 IST" time="11.568" errors="0">
  <testcase name="tc_02" time="11.568" classname="com.tyss.projectframeworkscripts.LoginTest"/>
  <system-out>
The Test Case: tc_02 Started At :24-06-2020 11-42-41 Entered text " anuj.lpu1@gmail.com"In the Username Textbox Entered text " Test@123"In the Password Textbox Clicked on Login Btn The Test Case: tc_02 Completed At  :24-06-2020 11-42-45  </system-out>
</testsuite> <!-- com.tyss.projectframeworkscripts.LoginTest -->
