<?xml version="1.0" encoding="UTF-8"?>
<!-- Generated by org.testng.reporters.JUnitReportReporter -->
<testsuite skipped="0" hostname="DOC-W-SHRUTHIMV" name="com.tyss.projectframeworkscripts.LoginTest" tests="1" failures="0" timestamp="2020-06-25T17:12:54 IST" time="25.073" errors="0">
  <testcase name="tc_02" time="25.073" classname="com.tyss.projectframeworkscripts.LoginTest"/>
  <system-out>
Entered text " anuj.lpu1@gmail.com"In the Username Textbox Entered text " Test@123"In the Password Textbox Clicked on Login Btn  </system-out>
</testsuite> <!-- com.tyss.projectframeworkscripts.LoginTest -->
